  Game.cpp
D:\VisualStudio\EatMan\EatMan\Game.cpp(7,58): warning C4244: 'argument' : conversion de 'T' en 'float', perte possible de données
          with
          [
              T=unsigned int
          ]
D:\VisualStudio\EatMan\EatMan\Game.cpp(7,37): warning C4244: 'argument' : conversion de 'T' en 'float', perte possible de données
          with
          [
              T=unsigned int
          ]
D:\VisualStudio\EatMan\EatMan\Game.cpp(43,78): warning C4244: 'argument' : conversion de 'T' en 'float', perte possible de données
          with
          [
              T=unsigned int
          ]
D:\VisualStudio\EatMan\EatMan\Game.cpp(43,48): warning C4244: 'argument' : conversion de 'T' en 'float', perte possible de données
          with
          [
              T=unsigned int
          ]
D:\VisualStudio\EatMan\EatMan\Game.cpp(50,66): warning C4244: 'argument' : conversion de 'unsigned int' en 'float', perte possible de données
D:\VisualStudio\EatMan\EatMan\Game.cpp(55,58): warning C4244: 'argument' : conversion de 'T' en 'float', perte possible de données
          with
          [
              T=unsigned int
          ]
D:\VisualStudio\EatMan\EatMan\Game.cpp(55,33): warning C4244: 'argument' : conversion de 'T' en 'float', perte possible de données
          with
          [
              T=unsigned int
          ]
D:\VisualStudio\EatMan\EatMan\Game.cpp(61,93): warning C4244: 'argument' : conversion de 'T' en 'float', perte possible de données
          with
          [
              T=unsigned int
          ]
D:\VisualStudio\EatMan\EatMan\Game.cpp(61,58): warning C4244: 'argument' : conversion de 'T' en 'float', perte possible de données
          with
          [
              T=unsigned int
          ]
D:\VisualStudio\EatMan\EatMan\Game.cpp(225,18): warning C4244: 'argument' : conversion de 'float' en 'sf::Uint8', perte possible de données
D:\VisualStudio\EatMan\EatMan\Game.cpp(224,18): warning C4244: 'argument' : conversion de 'float' en 'sf::Uint8', perte possible de données
D:\VisualStudio\EatMan\EatMan\Game.cpp(420,102): warning C4244: 'argument' : conversion de 'T' en 'float', perte possible de données
          with
          [
              T=unsigned int
          ]
D:\VisualStudio\EatMan\EatMan\Game.cpp(423,22): warning C4244: 'argument' : conversion de 'T' en 'float', perte possible de données
          with
          [
              T=unsigned int
          ]
D:\VisualStudio\EatMan\EatMan\Game.cpp(448,90): warning C4244: 'argument' : conversion de 'int' en 'float', perte possible de données
D:\VisualStudio\EatMan\EatMan\Game.cpp(470,6): warning C4244: 'argument' : conversion de 'int' en 'float', perte possible de données
D:\VisualStudio\EatMan\EatMan\Game.cpp(490,28): warning C4244: '+=' : conversion de 'float' en 'int', perte possible de données
D:\VisualStudio\EatMan\EatMan\Game.cpp(492,98): warning C4244: 'argument' : conversion de 'float' en 'sf::Uint8', perte possible de données
D:\VisualStudio\EatMan\EatMan\Game.cpp(492,69): warning C4244: 'argument' : conversion de 'float' en 'sf::Uint8', perte possible de données
D:\VisualStudio\EatMan\EatMan\Game.cpp(492,40): warning C4244: 'argument' : conversion de 'float' en 'sf::Uint8', perte possible de données
D:\VisualStudio\EatMan\EatMan\Game.cpp(536,100): warning C4244: 'argument' : conversion de 'float' en 'sf::Uint8', perte possible de données
D:\VisualStudio\EatMan\EatMan\Game.cpp(536,71): warning C4244: 'argument' : conversion de 'float' en 'sf::Uint8', perte possible de données
D:\VisualStudio\EatMan\EatMan\Game.cpp(536,42): warning C4244: 'argument' : conversion de 'float' en 'sf::Uint8', perte possible de données
  EatMan.vcxproj -> D:\VisualStudio\EatMan\Debug\EatMan.exe
